<?xml version="1.0" encoding="UTF-8"?>
<!-- Generated by org.testng.reporters.JUnitReportReporter -->
<testsuite hostname="oleksandrs-mbp.home" failures="0" tests="1" name="tests.CreateNewJacketInCMJacketConfiguratorTest" time="30.526" errors="0" timestamp="2021-07-18T17:14:12 CEST" skipped="0">
  <testcase classname="tests.CreateNewJacketInCMJacketConfiguratorTest" name="createNewCustomJacket" time="30.526"/>
  <system-out/>
</testsuite> <!-- tests.CreateNewJacketInCMJacketConfiguratorTest -->
